<?xml version="1.0" encoding="UTF-8"?>
<!-- Generated by org.testng.reporters.JUnitReportReporter -->
<testsuite hostname="LTIN191328" failures="0" tests="4" name="testCases.TC_003_LoanEMICalculator" time="11.064" errors="0" timestamp="2024-02-15T12:49:22 IST" skipped="0">
  <testcase classname="testCases.TC_003_LoanEMICalculator" name="selectEMICalculator" time="2.379"/>
  <testcase classname="testCases.TC_003_LoanEMICalculator" name="textBoxValidation" time="0.378"/>
  <testcase classname="testCases.TC_003_LoanEMICalculator" name="sliderValidation" time="7.072"/>
  <testcase classname="testCases.TC_003_LoanEMICalculator" name="loanTenureValidation" time="1.235"/>
</testsuite> <!-- testCases.TC_003_LoanEMICalculator -->
