<?xml version="1.0" encoding="UTF-8"?>
<!-- Generated by org.testng.reporters.JUnitReportReporter -->
<testsuite hostname="LTIN191328" failures="0" tests="2" name="testCases.TC_002_HomeLoan" time="12.127" errors="0" timestamp="2024-02-15T12:49:22 IST" skipped="0">
  <testcase classname="testCases.TC_002_HomeLoan" name="getYearOYearData" time="5.642"/>
  <testcase classname="testCases.TC_002_HomeLoan" name="homeEMICalculator" time="6.485"/>
</testsuite> <!-- testCases.TC_002_HomeLoan -->
