<?xml version="1.0" encoding="UTF-8"?>
<!-- Generated by org.testng.reporters.JUnitReportReporter -->
<testsuite hostname="LTIN191328" failures="0" tests="4" name="testCases.TC_004_LoanAmountCalculator" time="11.527" errors="0" timestamp="2024-02-15T12:49:22 IST" skipped="0">
  <testcase classname="testCases.TC_004_LoanAmountCalculator" name="selectLoanAmtCalculator" time="2.525"/>
  <testcase classname="testCases.TC_004_LoanAmountCalculator" name="textBoxValidation" time="0.436"/>
  <testcase classname="testCases.TC_004_LoanAmountCalculator" name="sliderValidation" time="7.262"/>
  <testcase classname="testCases.TC_004_LoanAmountCalculator" name="loanTenureValidation" time="1.304"/>
</testsuite> <!-- testCases.TC_004_LoanAmountCalculator -->
