<?xml version="1.0" encoding="UTF-8"?>
<!-- Generated by org.testng.reporters.JUnitReportReporter -->
<testsuite hostname="LTIN191328" failures="0" tests="1" name="testCases.TC_001_CarLoan" time="11.532" errors="0" timestamp="2024-02-15T12:49:22 IST" skipped="0">
  <testcase classname="testCases.TC_001_CarLoan" name="CarEMICalculator" time="11.532"/>
</testsuite> <!-- testCases.TC_001_CarLoan -->
