<?xml version="1.0" encoding="UTF-8"?>
<!-- Generated by org.testng.reporters.JUnitReportReporter -->
<testsuite hostname="LTIN191328" failures="0" tests="3" name="testCases.TC_005_LoanTenureCalculator" time="9.965" errors="0" timestamp="2024-02-15T12:49:22 IST" skipped="0">
  <testcase classname="testCases.TC_005_LoanTenureCalculator" name="selectLoanTenureCalculator" time="2.209"/>
  <testcase classname="testCases.TC_005_LoanTenureCalculator" name="textBoxValidation" time="0.393"/>
  <testcase classname="testCases.TC_005_LoanTenureCalculator" name="sliderValidation" time="7.363"/>
</testsuite> <!-- testCases.TC_005_LoanTenureCalculator -->
